<?xml version="1.0" encoding="UTF-8"?>
<testsuites>
  <testsuite name="ProdutosTestcase" file="C:\xampp\htdocs\code-igniter-project\application\tests\controllers\ProdutosTestcase.php" tests="4" assertions="2" failures="0" errors="0" time="3.181948">
    <testcase name="test_index" class="ProdutosTestcase" file="C:\xampp\htdocs\code-igniter-project\application\tests\controllers\ProdutosTestcase.php" line="6" assertions="1" time="1.500208"/>
    <testcase name="testCadastroProduto" class="ProdutosTestcase" file="C:\xampp\htdocs\code-igniter-project\application\tests\controllers\ProdutosTestcase.php" line="11" assertions="1" time="1.662576"/>
    <testcase name="testGetProduto" class="ProdutosTestcase" file="C:\xampp\htdocs\code-igniter-project\application\tests\controllers\ProdutosTestcase.php" line="21" assertions="0" time="0.009500"/>
    <testcase name="testexcluirProduto" class="ProdutosTestcase" file="C:\xampp\htdocs\code-igniter-project\application\tests\controllers\ProdutosTestcase.php" line="25" assertions="0" time="0.009664"/>
  </testsuite>
</testsuites>
